2021-01-14 12:42:40
Array
(
    [orderId] => GPA.3340-0434-9488-75495
    [packageName] => com.hackergameprototype
    [productId] => tmz_pack_cash_02
    [purchaseTime] => 1610627779297
    [purchaseState] => 0
    [purchaseToken] => ilijpckjceicohoagoelpcoe.AO-J1OxEs8Z6Akm2PxlrjiPJ2BxnEAsiRz_cl_L-MrgaeMMnpWQTxS6nL-1KtrNiqRS6WZC3_yZRdM2oMa0__M818NQbo3g7Gzb_DDSvo-EHbLDHh0Ue5xk
    [acknowledged] => 
)

2021-01-14 12:45:01
Array
(
    [orderId] => GPA.3340-0434-9488-75495
    [packageName] => com.hackergameprototype
    [productId] => tmz_pack_cash_02
    [purchaseTime] => 1610627779297
    [purchaseState] => 0
    [purchaseToken] => ilijpckjceicohoagoelpcoe.AO-J1OxEs8Z6Akm2PxlrjiPJ2BxnEAsiRz_cl_L-MrgaeMMnpWQTxS6nL-1KtrNiqRS6WZC3_yZRdM2oMa0__M818NQbo3g7Gzb_DDSvo-EHbLDHh0Ue5xk
    [acknowledged] => 
)
======================

2021-01-14 13:07:10
Array
(
    [orderId] => GPA.3340-0434-9488-75495
    [packageName] => com.hackergameprototype
    [productId] => tmz_pack_cash_02
    [purchaseTime] => 1610627779297
    [purchaseState] => 0
    [purchaseToken] => ilijpckjceicohoagoelpcoe.AO-J1OxEs8Z6Akm2PxlrjiPJ2BxnEAsiRz_cl_L-MrgaeMMnpWQTxS6nL-1KtrNiqRS6WZC3_yZRdM2oMa0__M818NQbo3g7Gzb_DDSvo-EHbLDHh0Ue5xk
    [acknowledged] => 
)
======================

2021-01-14 13:09:48
Array
(
    [orderId] => GPA.3340-0434-9488-75495
    [packageName] => com.hackergameprototype
    [productId] => tmz_pack_cash_02
    [purchaseTime] => 1610627779297
    [purchaseState] => 0
    [purchaseToken] => ilijpckjceicohoagoelpcoe.AO-J1OxEs8Z6Akm2PxlrjiPJ2BxnEAsiRz_cl_L-MrgaeMMnpWQTxS6nL-1KtrNiqRS6WZC3_yZRdM2oMa0__M818NQbo3g7Gzb_DDSvo-EHbLDHh0Ue5xk
    [acknowledged] => 
)
======================

2021-01-14 13:09:50
Array
(
    [orderId] => GPA.3340-0434-9488-75495
    [packageName] => com.hackergameprototype
    [productId] => tmz_pack_cash_02
    [purchaseTime] => 1610627779297
    [purchaseState] => 0
    [purchaseToken] => ilijpckjceicohoagoelpcoe.AO-J1OxEs8Z6Akm2PxlrjiPJ2BxnEAsiRz_cl_L-MrgaeMMnpWQTxS6nL-1KtrNiqRS6WZC3_yZRdM2oMa0__M818NQbo3g7Gzb_DDSvo-EHbLDHh0Ue5xk
    [acknowledged] => 
)
======================

2021-01-14 13:12:46
Array
(
    [orderId] => GPA.3340-0434-9488-75495
    [packageName] => com.hackergameprototype
    [productId] => tmz_pack_cash_02
    [purchaseTime] => 1610627779297
    [purchaseState] => 0
    [purchaseToken] => ilijpckjceicohoagoelpcoe.AO-J1OxEs8Z6Akm2PxlrjiPJ2BxnEAsiRz_cl_L-MrgaeMMnpWQTxS6nL-1KtrNiqRS6WZC3_yZRdM2oMa0__M818NQbo3g7Gzb_DDSvo-EHbLDHh0Ue5xk
    [acknowledged] => 
)
======================

2021-01-14 13:13:28
Array
(
    [orderId] => GPA.3340-0434-9488-75495
    [packageName] => com.hackergameprototype
    [productId] => tmz_pack_cash_02
    [purchaseTime] => 1610627779297
    [purchaseState] => 0
    [purchaseToken] => ilijpckjceicohoagoelpcoe.AO-J1OxEs8Z6Akm2PxlrjiPJ2BxnEAsiRz_cl_L-MrgaeMMnpWQTxS6nL-1KtrNiqRS6WZC3_yZRdM2oMa0__M818NQbo3g7Gzb_DDSvo-EHbLDHh0Ue5xk
    [acknowledged] => 
)
======================

2021-01-14 13:13:28
Array
(
    [orderId] => GPA.3340-0434-9488-75495
    [packageName] => com.hackergameprototype
    [productId] => tmz_pack_cash_02
    [purchaseTime] => 1610627779297
    [purchaseState] => 0
    [purchaseToken] => ilijpckjceicohoagoelpcoe.AO-J1OxEs8Z6Akm2PxlrjiPJ2BxnEAsiRz_cl_L-MrgaeMMnpWQTxS6nL-1KtrNiqRS6WZC3_yZRdM2oMa0__M818NQbo3g7Gzb_DDSvo-EHbLDHh0Ue5xk
    [acknowledged] => 
)
======================

2021-01-14 13:13:30
Array
(
    [orderId] => GPA.3340-0434-9488-75495
    [packageName] => com.hackergameprototype
    [productId] => tmz_pack_cash_02
    [purchaseTime] => 1610627779297
    [purchaseState] => 0
    [purchaseToken] => ilijpckjceicohoagoelpcoe.AO-J1OxEs8Z6Akm2PxlrjiPJ2BxnEAsiRz_cl_L-MrgaeMMnpWQTxS6nL-1KtrNiqRS6WZC3_yZRdM2oMa0__M818NQbo3g7Gzb_DDSvo-EHbLDHh0Ue5xk
    [acknowledged] => 
)
======================

2021-01-14 13:14:03
Array
(
    [orderId] => GPA.3340-0434-9488-75495
    [packageName] => com.hackergameprototype
    [productId] => tmz_pack_cash_02
    [purchaseTime] => 1610627779297
    [purchaseState] => 0
    [purchaseToken] => ilijpckjceicohoagoelpcoe.AO-J1OxEs8Z6Akm2PxlrjiPJ2BxnEAsiRz_cl_L-MrgaeMMnpWQTxS6nL-1KtrNiqRS6WZC3_yZRdM2oMa0__M818NQbo3g7Gzb_DDSvo-EHbLDHh0Ue5xk
    [acknowledged] => 
)
======================

2021-01-14 13:19:49
Array
(
    [orderId] => GPA.3340-0434-9488-75495
    [packageName] => com.hackergameprototype
    [productId] => tmz_pack_cash_02
    [purchaseTime] => 1610627779297
    [purchaseState] => 0
    [purchaseToken] => ilijpckjceicohoagoelpcoe.AO-J1OxEs8Z6Akm2PxlrjiPJ2BxnEAsiRz_cl_L-MrgaeMMnpWQTxS6nL-1KtrNiqRS6WZC3_yZRdM2oMa0__M818NQbo3g7Gzb_DDSvo-EHbLDHh0Ue5x
    [acknowledged] => 
)
======================

2021-01-14 13:19:57
Array
(
    [orderId] => GPA.3340-0434-9488-75495
    [packageName] => com.hackergameprototype
    [productId] => tmz_pack_cash_02
    [purchaseTime] => 1610627779297
    [purchaseState] => 0
    [purchaseToken] => ilijpckjceicohoagoelpcoe.AO-J1OxEs8Z6Akm2PxlrjiPJ2BxnEAsiRz_cl_L-MrgaeMMnpWQTxS6nL-1KtrNiqRS6WZC3_yZRdM2oMa0__M818NQbo3g7Gzb_DDSvo-EHbLDHh0Ue5xk
    [acknowledged] => 
)
======================

2021-01-14 13:20:02
Array
(
    [orderId] => GPA.3340-0434-9488-75495
    [packageName] => com.hackergameprototype
    [productId] => tmz_pack_cash_02
    [purchaseTime] => 1610627779297
    [purchaseState] => 0
    [purchaseToken] => ilijpckjceicohoagoelpcoe.AO-J1OxEs8Z6Akm2PxlrjiPJ2BxnEAsiRz_cl_L-MrgaeMMnpWQTxS6nL-1KtrNiqRS6WZC3_yZRdM2oMa0__M818NQbo3g7Gzb_DDSvo-EHbLDHh0Ue5xk
    [acknowledged] => 
)
======================

2021-01-14 13:26:12
Array
(
    [orderId] => GPA.3340-0434-9488-75495
    [packageName] => com.hackergameprototype
    [productId] => tmz_pack_cash_02
    [purchaseTime] => 1610627779297
    [purchaseState] => 0
    [purchaseToken] => ilijpckjceicohoagoelpcoe.AO-J1OxEs8Z6Akm2PxlrjiPJ2BxnEAsiRz_cl_L-MrgaeMMnpWQTxS6nL-1KtrNiqRS6WZC3_yZRdM2oMa0__M818NQbo3g7Gzb_DDSvo-EHbLDHh0Ue5x
    [acknowledged] => 
)
======================

2021-01-14 13:49:51
Array
(
    [orderId] => GPA.3305-5581-7068-41549
    [packageName] => com.hackergameprototype
    [productId] => tmz_pack_cash_02
    [purchaseTime] => 1610632161490
    [purchaseState] => 0
    [purchaseToken] => mhdnmdogdpolknacgonhnmon.AO-J1Oz1X9qNqtl9l3fdgEdOYbT1L4xT6pL9C2ZmnjBbRksdYRc-uQUFxJdSeYYNyHQcvskMfEa_BGzP9MISurHowlPV2FKTDhljYYjF_kercpLBTyzMd_M
    [acknowledged] => 
=======
2021-01-08 15:12:40
Array
(
    [message] => Array
        (
            [data] => eyJ2ZXJzaW9uIjoiMS4wIiwicGFja2FnZU5hbWUiOiJjb20uaGFja2VyZ2FtZXByb3RvdHlwZSIsImV2ZW50VGltZU1pbGxpcyI6IjE2MTAxMTg1NjQ0NTciLCJ0ZXN0Tm90aWZpY2F0aW9uIjp7InZlcnNpb24iOiIxLjAifX0=
            [messageId] => 1597244801776765
            [message_id] => 1597244801776765
            [publishTime] => 2021-01-08T15:09:24.775Z
            [publish_time] => 2021-01-08T15:09:24.775Z
        )

    [subscription] => projects/pc-api-7335230999301333607-430/subscriptions/terminuz-purchase-google-play
)
======================

2021-01-08 15:12:41
Array
(
    [message] => Array
        (
            [data] => eyJ2ZXJzaW9uIjoiMS4wIiwicGFja2FnZU5hbWUiOiJjb20uaGFja2VyZ2FtZXByb3RvdHlwZSIsImV2ZW50VGltZU1pbGxpcyI6IjE2MTAxMTg1MjY5OTciLCJ0ZXN0Tm90aWZpY2F0aW9uIjp7InZlcnNpb24iOiIxLjAifX0=
            [messageId] => 1597244892074889
            [message_id] => 1597244892074889
            [publishTime] => 2021-01-08T15:08:47.255Z
            [publish_time] => 2021-01-08T15:08:47.255Z
        )

    [subscription] => projects/rhizatech-games/subscriptions/terminuz-purchase-google-play
)
======================

2021-01-08 15:12:43
Array
(
    [teste] => 1
)
======================

2021-01-08 15:13:17
Array
(
    [message] => Array
        (
            [data] => eyJ2ZXJzaW9uIjoiMS4wIiwicGFja2FnZU5hbWUiOiJjb20uaGFja2VyZ2FtZXByb3RvdHlwZSIsImV2ZW50VGltZU1pbGxpcyI6IjE2MTAxMTg3OTU3OTYiLCJ0ZXN0Tm90aWZpY2F0aW9uIjp7InZlcnNpb24iOiIxLjAifX0=
            [messageId] => 1597264976786576
            [message_id] => 1597264976786576
            [publishTime] => 2021-01-08T15:13:16.014Z
            [publish_time] => 2021-01-08T15:13:16.014Z
        )

    [subscription] => projects/pc-api-7335230999301333607-430/subscriptions/terminuz-purchase-google-play
)
======================

2021-01-08 15:14:46
Array
(
    [teste] => 1
)
======================

2021-01-12 16:54:31
Array
(
    [message] => Array
        (
            [data] => eyJ2ZXJzaW9uIjoiMS4wIiwicGFja2FnZU5hbWUiOiJjb20uaGFja2VyZ2FtZXByb3RvdHlwZSIsImV2ZW50VGltZU1pbGxpcyI6IjE2MTA0NzA0Njk1MTYiLCJvbmVUaW1lUHJvZHVjdE5vdGlmaWNhdGlvbiI6eyJ2ZXJzaW9uIjoiMS4wIiwibm90aWZpY2F0aW9uVHlwZSI6MSwicHVyY2hhc2VUb2tlbiI6ImVsZWZiamNrYmZtZ2RobGRwZG9vbWFvby5BTy1KMU93RXN6N05PSjNFa21abW9LQng5dWxCNk1JZmQ4a194NDZ3MHN0ZVlMb0UzVG5kVUhySllJQV8wQjYySHhjMHkxLWphenZVZVFiVU1uUm5WTmVzbkM4VkRtemo2d3hyVzV3T3NWcGVqZUdWTUxUR1ZLcyIsInNrdSI6InRtel9wYWNrX2Nhc2hfMDIifX0=
            [messageId] => 1788631891868863
            [message_id] => 1788631891868863
            [publishTime] => 2021-01-12T16:54:29.932Z
            [publish_time] => 2021-01-12T16:54:29.932Z
        )

    [subscription] => projects/pc-api-7335230999301333607-430/subscriptions/terminuz-purchase-google-play
)
======================
